[2023-05-24 16:46:13] [ INFO ] [EstudianteDAOH2:30] Guardando un estudiante...
[2023-05-24 16:55:57] [ INFO ] [EstudianteDAOH2:30] Guardando un estudiante...
[2023-05-24 17:16:22] [ INFO ] [EstudianteDAOH2:30] Guardando un estudiante...
[2023-05-24 17:16:22] [ INFO ] [EstudianteDAOH2:30] Guardando un estudiante...
[2023-05-24 17:16:38] [ INFO ] [EstudianteDAOH2:30] Guardando un estudiante...
[2023-05-24 17:16:46] [ INFO ] [EstudianteDAOH2:30] Guardando un estudiante...
[2023-05-24 17:16:46] [ INFO ] [EstudianteDAOH2:30] Guardando un estudiante...
[2023-05-24 17:25:10] [ INFO ] [Bd:27] Creacion de la tabla
[2023-05-24 17:25:10] [ INFO ] [EstudianteDAOH2:30] Guardando un estudiante...
[2023-05-24 17:25:10] [ INFO ] [EstudianteDAOH2:30] Guardando un estudiante...
[2023-05-24 17:25:42] [ INFO ] [Bd:27] Creacion de la tabla
[2023-05-24 17:25:42] [ INFO ] [EstudianteDAOH2:30] Guardando un estudiante...
[2023-05-24 17:25:42] [ INFO ] [EstudianteDAOH2:45] Guardado.
[2023-05-24 17:25:42] [ INFO ] [EstudianteDAOH2:30] Guardando un estudiante...
[2023-05-24 17:25:42] [ INFO ] [EstudianteDAOH2:45] Guardado.
[2023-05-24 17:26:24] [ INFO ] [Bd:27] Creacion de la tabla
[2023-05-24 17:26:24] [ INFO ] [EstudianteDAOH2:30] Guardando un estudiante...
[2023-05-24 17:26:24] [ INFO ] [EstudianteDAOH2:45] Guardado.
[2023-05-24 17:26:24] [ INFO ] [EstudianteDAOH2:30] Guardando un estudiante...
[2023-05-24 17:26:24] [ INFO ] [EstudianteDAOH2:45] Guardado.
[2023-05-24 17:29:51] [ INFO ] [Bd:27] Creacion de la tabla
[2023-05-24 17:29:51] [ INFO ] [EstudianteDAOH2:30] Guardando un estudiante...
[2023-05-24 17:29:51] [ INFO ] [EstudianteDAOH2:45] Guardado.
[2023-05-24 17:29:51] [ INFO ] [EstudianteDAOH2:30] Guardando un estudiante...
[2023-05-24 17:29:51] [ INFO ] [EstudianteDAOH2:45] Guardado.
[2023-05-24 17:29:51] [ INFO ] [EstudianteDAOH2:30] Guardando un estudiante...
[2023-05-24 17:29:51] [ INFO ] [EstudianteDAOH2:96] Buscar estudiante...
[2023-05-24 17:29:51] [ INFO ] [EstudianteDAOH2:147] Buscar todos los estudiantes...
[2023-05-24 17:30:23] [ INFO ] [Bd:27] Creacion de la tabla
[2023-05-24 17:30:23] [ INFO ] [EstudianteDAOH2:30] Guardando un estudiante...
[2023-05-24 17:30:24] [ INFO ] [EstudianteDAOH2:45] Guardado.
[2023-05-24 17:30:24] [ INFO ] [EstudianteDAOH2:30] Guardando un estudiante...
[2023-05-24 17:30:24] [ INFO ] [EstudianteDAOH2:45] Guardado.
[2023-05-24 17:30:24] [ INFO ] [EstudianteDAOH2:30] Guardando un estudiante...
[2023-05-24 17:30:24] [ INFO ] [EstudianteDAOH2:96] Buscar estudiante...
[2023-05-24 17:30:24] [ INFO ] [EstudianteDAOH2:147] Buscar todos los estudiantes...
[2023-05-24 17:30:45] [ INFO ] [Bd:27] Creacion de la tabla
[2023-05-24 17:30:46] [ INFO ] [EstudianteDAOH2:30] Guardando un estudiante...
[2023-05-24 17:30:46] [ INFO ] [EstudianteDAOH2:45] Guardado.
[2023-05-24 17:30:46] [ INFO ] [EstudianteDAOH2:30] Guardando un estudiante...
[2023-05-24 17:30:46] [ INFO ] [EstudianteDAOH2:45] Guardado.
[2023-05-24 17:30:46] [ INFO ] [EstudianteDAOH2:30] Guardando un estudiante...
[2023-05-24 17:31:19] [ INFO ] [Bd:27] Creacion de la tabla
[2023-05-24 17:31:19] [ INFO ] [EstudianteDAOH2:30] Guardando un estudiante...
[2023-05-24 17:31:19] [ INFO ] [EstudianteDAOH2:45] Guardado.
[2023-05-24 17:31:19] [ INFO ] [EstudianteDAOH2:30] Guardando un estudiante...
[2023-05-24 17:31:19] [ INFO ] [EstudianteDAOH2:45] Guardado.
[2023-05-24 17:31:19] [ INFO ] [EstudianteDAOH2:30] Guardando un estudiante...
[2023-05-24 17:31:19] [ INFO ] [EstudianteDAOH2:45] Guardado.
[2023-05-24 17:31:51] [ INFO ] [Bd:27] Creacion de la tabla
[2023-05-24 17:31:51] [ INFO ] [EstudianteDAOH2:30] Guardando un estudiante...
[2023-05-24 17:31:51] [ INFO ] [EstudianteDAOH2:45] Guardado.
[2023-05-24 17:31:51] [ INFO ] [EstudianteDAOH2:30] Guardando un estudiante...
[2023-05-24 17:31:51] [ INFO ] [EstudianteDAOH2:45] Guardado.
[2023-05-24 17:31:51] [ INFO ] [EstudianteDAOH2:30] Guardando un estudiante...
[2023-05-24 17:31:51] [ INFO ] [EstudianteDAOH2:45] Guardado.
[2023-05-24 17:31:51] [ INFO ] [EstudianteDAOH2:96] Buscar estudiante...
[2023-05-24 17:32:40] [ INFO ] [Bd:27] Creacion de la tabla
[2023-05-24 17:32:40] [ INFO ] [EstudianteDAOH2:30] Guardando un estudiante...
[2023-05-24 17:32:41] [ INFO ] [EstudianteDAOH2:45] Guardado.
[2023-05-24 17:32:41] [ INFO ] [EstudianteDAOH2:30] Guardando un estudiante...
[2023-05-24 17:32:41] [ INFO ] [EstudianteDAOH2:45] Guardado.
[2023-05-24 17:32:41] [ INFO ] [EstudianteDAOH2:30] Guardando un estudiante...
[2023-05-24 17:32:41] [ INFO ] [EstudianteDAOH2:45] Guardado.
[2023-05-24 17:32:41] [ INFO ] [EstudianteDAOH2:96] Buscar estudiante...
[2023-05-24 17:34:05] [ INFO ] [Bd:27] Creacion de la tabla
[2023-05-24 17:34:05] [ INFO ] [EstudianteDAOH2:30] Guardando un estudiante...
[2023-05-24 17:34:05] [ INFO ] [EstudianteDAOH2:45] Guardado.
[2023-05-24 17:34:05] [ INFO ] [EstudianteDAOH2:30] Guardando un estudiante...
[2023-05-24 17:34:05] [ INFO ] [EstudianteDAOH2:45] Guardado.
[2023-05-24 17:34:05] [ INFO ] [EstudianteDAOH2:30] Guardando un estudiante...
[2023-05-24 17:34:05] [ INFO ] [EstudianteDAOH2:45] Guardado.
[2023-05-24 17:34:05] [ INFO ] [EstudianteDAOH2:96] Buscar estudiante...
[2023-05-24 17:35:30] [ INFO ] [Bd:27] Creacion de la tabla
[2023-05-24 17:35:30] [ INFO ] [EstudianteDAOH2:30] Guardando un estudiante...
[2023-05-24 17:35:30] [ INFO ] [EstudianteDAOH2:45] Guardado.
[2023-05-24 17:35:30] [ INFO ] [EstudianteDAOH2:30] Guardando un estudiante...
[2023-05-24 17:35:30] [ INFO ] [EstudianteDAOH2:45] Guardado.
[2023-05-24 17:35:30] [ INFO ] [EstudianteDAOH2:30] Guardando un estudiante...
[2023-05-24 17:35:30] [ INFO ] [EstudianteDAOH2:45] Guardado.
[2023-05-24 17:35:30] [ INFO ] [EstudianteDAOH2:96] Buscar estudiante...
[2023-05-24 17:35:51] [ INFO ] [Bd:27] Creacion de la tabla
[2023-05-24 17:35:51] [ INFO ] [EstudianteDAOH2:30] Guardando un estudiante...
[2023-05-24 17:35:51] [ INFO ] [EstudianteDAOH2:45] Guardado.
[2023-05-24 17:35:51] [ INFO ] [EstudianteDAOH2:30] Guardando un estudiante...
[2023-05-24 17:35:51] [ INFO ] [EstudianteDAOH2:45] Guardado.
[2023-05-24 17:35:51] [ INFO ] [EstudianteDAOH2:30] Guardando un estudiante...
[2023-05-24 17:35:51] [ INFO ] [EstudianteDAOH2:45] Guardado.
[2023-05-24 17:35:51] [ INFO ] [EstudianteDAOH2:96] Buscar estudiante...
[2023-05-24 17:36:10] [ INFO ] [Bd:27] Creacion de la tabla
[2023-05-24 17:36:10] [ INFO ] [EstudianteDAOH2:30] Guardando un estudiante...
[2023-05-24 17:36:10] [ INFO ] [EstudianteDAOH2:45] Guardado.
[2023-05-24 17:36:10] [ INFO ] [EstudianteDAOH2:30] Guardando un estudiante...
[2023-05-24 17:36:10] [ INFO ] [EstudianteDAOH2:45] Guardado.
[2023-05-24 17:36:10] [ INFO ] [EstudianteDAOH2:30] Guardando un estudiante...
[2023-05-24 17:36:10] [ INFO ] [EstudianteDAOH2:45] Guardado.
[2023-05-24 17:36:10] [ INFO ] [EstudianteDAOH2:96] Buscar estudiante...
[2023-05-24 17:36:10] [ INFO ] [EstudianteDAOH2:127] El resultado de la busqueda es: PabloPicapiedras
[2023-05-24 17:36:53] [ INFO ] [Bd:27] Creacion de la tabla
[2023-05-24 17:36:53] [ INFO ] [EstudianteDAOH2:30] Guardando un estudiante...
[2023-05-24 17:36:53] [ INFO ] [EstudianteDAOH2:45] Guardado.
[2023-05-24 17:36:53] [ INFO ] [EstudianteDAOH2:30] Guardando un estudiante...
[2023-05-24 17:36:53] [ INFO ] [EstudianteDAOH2:45] Guardado.
[2023-05-24 17:36:53] [ INFO ] [EstudianteDAOH2:30] Guardando un estudiante...
[2023-05-24 17:36:53] [ INFO ] [EstudianteDAOH2:45] Guardado.
[2023-05-24 17:36:53] [ INFO ] [EstudianteDAOH2:96] Buscar estudiante...
[2023-05-24 17:36:53] [ INFO ] [EstudianteDAOH2:129] Resultados de la búsqueda: [Pablo Picapiedras]
[2023-05-24 17:37:16] [ INFO ] [Bd:27] Creacion de la tabla
[2023-05-24 17:37:16] [ INFO ] [EstudianteDAOH2:30] Guardando un estudiante...
[2023-05-24 17:37:16] [ INFO ] [EstudianteDAOH2:45] Guardado.
[2023-05-24 17:37:16] [ INFO ] [EstudianteDAOH2:30] Guardando un estudiante...
[2023-05-24 17:37:16] [ INFO ] [EstudianteDAOH2:45] Guardado.
[2023-05-24 17:37:16] [ INFO ] [EstudianteDAOH2:30] Guardando un estudiante...
[2023-05-24 17:37:16] [ INFO ] [EstudianteDAOH2:45] Guardado.
[2023-05-24 17:37:16] [ INFO ] [EstudianteDAOH2:96] Buscar estudiante...
[2023-05-24 17:37:16] [ INFO ] [EstudianteDAOH2:129] Resultados de la búsqueda: [Pablo Picapiedras]
[2023-05-24 17:37:16] [ INFO ] [EstudianteDAOH2:96] Buscar estudiante...
[2023-05-24 17:37:16] [ INFO ] [EstudianteDAOH2:129] Resultados de la búsqueda: [Blanca Nieves]
[2023-05-24 17:37:33] [ INFO ] [Bd:27] Creacion de la tabla
[2023-05-24 17:37:33] [ INFO ] [EstudianteDAOH2:30] Guardando un estudiante...
[2023-05-24 17:37:33] [ INFO ] [EstudianteDAOH2:45] Guardado.
[2023-05-24 17:37:33] [ INFO ] [EstudianteDAOH2:30] Guardando un estudiante...
[2023-05-24 17:37:33] [ INFO ] [EstudianteDAOH2:45] Guardado.
[2023-05-24 17:37:33] [ INFO ] [EstudianteDAOH2:30] Guardando un estudiante...
[2023-05-24 17:37:33] [ INFO ] [EstudianteDAOH2:45] Guardado.
[2023-05-24 17:37:33] [ INFO ] [EstudianteDAOH2:96] Buscar estudiante...
[2023-05-24 17:37:33] [ INFO ] [EstudianteDAOH2:96] Buscar estudiante...
[2023-05-24 17:37:51] [ INFO ] [Bd:27] Creacion de la tabla
[2023-05-24 17:37:51] [ INFO ] [EstudianteDAOH2:30] Guardando un estudiante...
[2023-05-24 17:37:51] [ INFO ] [EstudianteDAOH2:45] Guardado.
[2023-05-24 17:37:51] [ INFO ] [EstudianteDAOH2:30] Guardando un estudiante...
[2023-05-24 17:37:51] [ INFO ] [EstudianteDAOH2:45] Guardado.
[2023-05-24 17:37:51] [ INFO ] [EstudianteDAOH2:30] Guardando un estudiante...
[2023-05-24 17:37:51] [ INFO ] [EstudianteDAOH2:45] Guardado.
[2023-05-24 17:37:51] [ INFO ] [EstudianteDAOH2:96] Buscar estudiante...
[2023-05-24 17:38:25] [ INFO ] [Bd:27] Creacion de la tabla
[2023-05-24 17:38:25] [ INFO ] [EstudianteDAOH2:30] Guardando un estudiante...
[2023-05-24 17:38:25] [ INFO ] [EstudianteDAOH2:45] Guardado.
[2023-05-24 17:38:25] [ INFO ] [EstudianteDAOH2:30] Guardando un estudiante...
[2023-05-24 17:38:25] [ INFO ] [EstudianteDAOH2:45] Guardado.
[2023-05-24 17:38:25] [ INFO ] [EstudianteDAOH2:30] Guardando un estudiante...
[2023-05-24 17:38:25] [ INFO ] [EstudianteDAOH2:45] Guardado.
[2023-05-24 17:38:25] [ INFO ] [EstudianteDAOH2:96] Buscar estudiante...
[2023-05-24 17:38:25] [ INFO ] [EstudianteDAOH2:127] El resultado de la busqueda es: PabloPicapiedras
[2023-05-24 17:38:25] [ INFO ] [EstudianteDAOH2:96] Buscar estudiante...
[2023-05-24 17:38:25] [ INFO ] [EstudianteDAOH2:127] El resultado de la busqueda es: BlancaNieves
[2023-05-24 17:38:39] [ INFO ] [Bd:27] Creacion de la tabla
[2023-05-24 17:38:39] [ INFO ] [EstudianteDAOH2:30] Guardando un estudiante...
[2023-05-24 17:38:39] [ INFO ] [EstudianteDAOH2:45] Guardado.
[2023-05-24 17:38:39] [ INFO ] [EstudianteDAOH2:30] Guardando un estudiante...
[2023-05-24 17:38:39] [ INFO ] [EstudianteDAOH2:45] Guardado.
[2023-05-24 17:38:39] [ INFO ] [EstudianteDAOH2:30] Guardando un estudiante...
[2023-05-24 17:38:39] [ INFO ] [EstudianteDAOH2:45] Guardado.
[2023-05-24 17:38:39] [ INFO ] [EstudianteDAOH2:96] Buscar estudiante...
[2023-05-24 17:38:39] [ INFO ] [EstudianteDAOH2:127] El resultado de la busqueda es: PabloPicapiedras
[2023-05-24 17:38:39] [ INFO ] [EstudianteDAOH2:96] Buscar estudiante...
[2023-05-24 17:38:39] [ INFO ] [EstudianteDAOH2:127] El resultado de la busqueda es: BlancaNieves
[2023-05-24 17:38:46] [ INFO ] [Bd:27] Creacion de la tabla
[2023-05-24 17:38:46] [ INFO ] [EstudianteDAOH2:30] Guardando un estudiante...
[2023-05-24 17:38:46] [ INFO ] [EstudianteDAOH2:45] Guardado.
[2023-05-24 17:38:46] [ INFO ] [EstudianteDAOH2:30] Guardando un estudiante...
[2023-05-24 17:38:46] [ INFO ] [EstudianteDAOH2:45] Guardado.
[2023-05-24 17:38:46] [ INFO ] [EstudianteDAOH2:30] Guardando un estudiante...
[2023-05-24 17:38:46] [ INFO ] [EstudianteDAOH2:45] Guardado.
[2023-05-24 17:38:46] [ INFO ] [EstudianteDAOH2:96] Buscar estudiante...
[2023-05-24 17:38:46] [ INFO ] [EstudianteDAOH2:127] El resultado de la busqueda es: Pablo Picapiedras
[2023-05-24 17:38:46] [ INFO ] [EstudianteDAOH2:96] Buscar estudiante...
[2023-05-24 17:38:46] [ INFO ] [EstudianteDAOH2:127] El resultado de la busqueda es: Blanca Nieves
[2023-05-24 17:39:16] [ INFO ] [Bd:27] Creacion de la tabla
[2023-05-24 17:39:16] [ INFO ] [EstudianteDAOH2:30] Guardando un estudiante...
[2023-05-24 17:39:16] [ INFO ] [EstudianteDAOH2:45] Guardado.
[2023-05-24 17:39:16] [ INFO ] [EstudianteDAOH2:30] Guardando un estudiante...
[2023-05-24 17:39:16] [ INFO ] [EstudianteDAOH2:45] Guardado.
[2023-05-24 17:39:16] [ INFO ] [EstudianteDAOH2:30] Guardando un estudiante...
[2023-05-24 17:39:16] [ INFO ] [EstudianteDAOH2:45] Guardado.
[2023-05-24 17:39:16] [ INFO ] [EstudianteDAOH2:96] Buscar estudiante...
[2023-05-24 17:39:16] [ INFO ] [EstudianteDAOH2:127] El resultado de la busqueda es: Pablo Picapiedras
[2023-05-24 17:39:16] [ INFO ] [EstudianteDAOH2:96] Buscar estudiante...
[2023-05-24 17:39:16] [ INFO ] [EstudianteDAOH2:127] El resultado de la busqueda es: Blanca Nieves
[2023-05-24 17:39:16] [ INFO ] [EstudianteDAOH2:147] Buscar todos los estudiantes...
[2023-05-24 17:39:33] [ INFO ] [Bd:27] Creacion de la tabla
[2023-05-24 17:39:33] [ INFO ] [EstudianteDAOH2:30] Guardando un estudiante...
[2023-05-24 17:39:33] [ INFO ] [EstudianteDAOH2:45] Guardado.
[2023-05-24 17:39:33] [ INFO ] [EstudianteDAOH2:30] Guardando un estudiante...
[2023-05-24 17:39:33] [ INFO ] [EstudianteDAOH2:45] Guardado.
[2023-05-24 17:39:33] [ INFO ] [EstudianteDAOH2:30] Guardando un estudiante...
[2023-05-24 17:39:33] [ INFO ] [EstudianteDAOH2:45] Guardado.
[2023-05-24 17:39:33] [ INFO ] [EstudianteDAOH2:96] Buscar estudiante...
[2023-05-24 17:39:33] [ INFO ] [EstudianteDAOH2:127] El resultado de la busqueda es: Pablo Picapiedras
[2023-05-24 17:39:34] [ INFO ] [EstudianteDAOH2:96] Buscar estudiante...
[2023-05-24 17:39:34] [ INFO ] [EstudianteDAOH2:127] El resultado de la busqueda es: Blanca Nieves
[2023-05-24 17:39:34] [ INFO ] [EstudianteDAOH2:147] Buscar todos los estudiantes...
[2023-05-24 17:39:34] [ INFO ] [EstudianteDAOH2:175] El resultado de la busqueda es: MariaNieves
[2023-05-24 17:39:34] [ INFO ] [EstudianteDAOH2:175] El resultado de la busqueda es: PabloPicapiedras
[2023-05-24 17:39:34] [ INFO ] [EstudianteDAOH2:175] El resultado de la busqueda es: BlancaNieves
[2023-05-24 17:39:48] [ INFO ] [Bd:27] Creacion de la tabla
[2023-05-24 17:39:48] [ INFO ] [EstudianteDAOH2:30] Guardando un estudiante...
[2023-05-24 17:39:48] [ INFO ] [EstudianteDAOH2:45] Guardado.
[2023-05-24 17:39:48] [ INFO ] [EstudianteDAOH2:30] Guardando un estudiante...
[2023-05-24 17:39:48] [ INFO ] [EstudianteDAOH2:45] Guardado.
[2023-05-24 17:39:48] [ INFO ] [EstudianteDAOH2:30] Guardando un estudiante...
[2023-05-24 17:39:48] [ INFO ] [EstudianteDAOH2:45] Guardado.
[2023-05-24 17:39:48] [ INFO ] [EstudianteDAOH2:96] Buscar estudiante...
[2023-05-24 17:39:48] [ INFO ] [EstudianteDAOH2:127] El resultado de la busqueda es: Pablo Picapiedras
[2023-05-24 17:39:48] [ INFO ] [EstudianteDAOH2:96] Buscar estudiante...
[2023-05-24 17:39:48] [ INFO ] [EstudianteDAOH2:127] El resultado de la busqueda es: Blanca Nieves
[2023-05-24 17:39:48] [ INFO ] [EstudianteDAOH2:147] Buscar todos los estudiantes...
[2023-05-24 17:39:48] [ INFO ] [EstudianteDAOH2:175] El resultado de la busqueda es: Maria Nieves
[2023-05-24 17:39:48] [ INFO ] [EstudianteDAOH2:175] El resultado de la busqueda es: Pablo Picapiedras
[2023-05-24 17:39:48] [ INFO ] [EstudianteDAOH2:175] El resultado de la busqueda es: Blanca Nieves
[2023-05-24 17:40:33] [ INFO ] [Bd:27] Creacion de la tabla
[2023-05-24 17:40:33] [ INFO ] [EstudianteDAOH2:30] Guardando un estudiante...
[2023-05-24 17:40:33] [ INFO ] [EstudianteDAOH2:45] Guardado.
[2023-05-24 17:40:33] [ INFO ] [EstudianteDAOH2:30] Guardando un estudiante...
[2023-05-24 17:40:33] [ INFO ] [EstudianteDAOH2:45] Guardado.
[2023-05-24 17:40:33] [ INFO ] [EstudianteDAOH2:30] Guardando un estudiante...
[2023-05-24 17:40:33] [ INFO ] [EstudianteDAOH2:45] Guardado.
[2023-05-24 17:40:34] [ INFO ] [EstudianteDAOH2:96] Buscar estudiante...
[2023-05-24 17:40:34] [ INFO ] [EstudianteDAOH2:127] El resultado de la busqueda es: Pablo Picapiedras
[2023-05-24 17:40:34] [ INFO ] [EstudianteDAOH2:96] Buscar estudiante...
[2023-05-24 17:40:34] [ INFO ] [EstudianteDAOH2:127] El resultado de la busqueda es: Blanca Nieves
[2023-05-24 17:40:34] [ INFO ] [EstudianteDAOH2:147] Buscar todos los estudiantes...
[2023-05-24 17:40:34] [ INFO ] [EstudianteDAOH2:175] El resultado de la busqueda es: Maria Nieves
[2023-05-24 17:40:34] [ INFO ] [EstudianteDAOH2:175] El resultado de la busqueda es: Pablo Picapiedras
[2023-05-24 17:40:34] [ INFO ] [EstudianteDAOH2:175] El resultado de la busqueda es: Blanca Nieves
[2023-05-24 17:40:34] [ INFO ] [EstudianteDAOH2:63] Eliminando un estudiante...
[2023-05-24 17:40:34] [ INFO ] [EstudianteDAOH2:78] Eliminado estudiante(id): 3
[2023-05-24 17:43:07] [ INFO ] [Bd:27] Creacion de la tabla
[2023-05-24 17:43:07] [ INFO ] [EstudianteDAOH2:30] Guardando un estudiante...
[2023-05-24 17:43:07] [ INFO ] [EstudianteDAOH2:45] Guardado.
[2023-05-24 17:43:07] [ INFO ] [EstudianteDAOH2:30] Guardando un estudiante...
[2023-05-24 17:43:07] [ INFO ] [EstudianteDAOH2:45] Guardado.
[2023-05-24 17:43:07] [ INFO ] [EstudianteDAOH2:30] Guardando un estudiante...
[2023-05-24 17:43:07] [ INFO ] [EstudianteDAOH2:45] Guardado.
[2023-05-24 17:43:07] [ INFO ] [EstudianteDAOH2:96] Buscar estudiante...
[2023-05-24 17:43:07] [ INFO ] [EstudianteDAOH2:127] El resultado de la busqueda es: Pablo Picapiedras
[2023-05-24 17:43:07] [ INFO ] [EstudianteDAOH2:96] Buscar estudiante...
[2023-05-24 17:43:07] [ INFO ] [EstudianteDAOH2:127] El resultado de la busqueda es: Blanca Nieves
[2023-05-24 17:43:07] [ INFO ] [EstudianteDAOH2:147] Buscar todos los estudiantes...
[2023-05-24 17:43:07] [ INFO ] [EstudianteDAOH2:175] El resultado de la busqueda es: Maria Nieves
[2023-05-24 17:43:07] [ INFO ] [EstudianteDAOH2:175] El resultado de la busqueda es: Pablo Picapiedras
[2023-05-24 17:43:07] [ INFO ] [EstudianteDAOH2:175] El resultado de la busqueda es: Blanca Nieves
[2023-05-24 17:43:07] [ INFO ] [EstudianteDAOH2:63] Eliminando un estudiante...
[2023-05-24 17:43:07] [ INFO ] [EstudianteDAOH2:78] Eliminado estudiante(id): 3
[2023-05-24 17:46:15] [ INFO ] [Bd:27] Creacion de la tabla
[2023-05-24 17:46:15] [ INFO ] [EstudianteDAOH2:30] Guardando un estudiante...
[2023-05-24 17:46:15] [ INFO ] [EstudianteDAOH2:45] Guardado.
[2023-05-24 17:46:15] [ INFO ] [EstudianteDAOH2:30] Guardando un estudiante...
[2023-05-24 17:46:15] [ INFO ] [EstudianteDAOH2:45] Guardado.
[2023-05-24 17:46:15] [ INFO ] [EstudianteDAOH2:30] Guardando un estudiante...
[2023-05-24 17:46:15] [ INFO ] [EstudianteDAOH2:45] Guardado.
[2023-05-24 17:46:15] [ INFO ] [EstudianteDAOH2:98] Buscar estudiante...
[2023-05-24 17:46:15] [ INFO ] [EstudianteDAOH2:129] El resultado de la busqueda es: Pablo Picapiedras
[2023-05-24 17:46:15] [ INFO ] [EstudianteDAOH2:98] Buscar estudiante...
[2023-05-24 17:46:15] [ INFO ] [EstudianteDAOH2:129] El resultado de la busqueda es: Blanca Nieves
[2023-05-24 17:46:15] [ INFO ] [EstudianteDAOH2:149] Buscar todos los estudiantes...
[2023-05-24 17:46:15] [ INFO ] [EstudianteDAOH2:177] El resultado de la busqueda es: Maria Nieves
[2023-05-24 17:46:15] [ INFO ] [EstudianteDAOH2:177] El resultado de la busqueda es: Pablo Picapiedras
[2023-05-24 17:46:15] [ INFO ] [EstudianteDAOH2:177] El resultado de la busqueda es: Blanca Nieves
[2023-05-24 17:46:15] [ INFO ] [EstudianteDAOH2:63] Eliminando un estudiante...
[2023-05-24 17:46:34] [ INFO ] [Bd:27] Creacion de la tabla
[2023-05-24 17:46:34] [ INFO ] [EstudianteDAOH2:30] Guardando un estudiante...
[2023-05-24 17:46:34] [ INFO ] [EstudianteDAOH2:45] Guardado.
[2023-05-24 17:46:34] [ INFO ] [EstudianteDAOH2:30] Guardando un estudiante...
[2023-05-24 17:46:34] [ INFO ] [EstudianteDAOH2:45] Guardado.
[2023-05-24 17:46:34] [ INFO ] [EstudianteDAOH2:30] Guardando un estudiante...
[2023-05-24 17:46:34] [ INFO ] [EstudianteDAOH2:45] Guardado.
[2023-05-24 17:46:34] [ INFO ] [EstudianteDAOH2:98] Buscar estudiante...
[2023-05-24 17:46:34] [ INFO ] [EstudianteDAOH2:129] El resultado de la busqueda es: Pablo Picapiedras
[2023-05-24 17:46:34] [ INFO ] [EstudianteDAOH2:98] Buscar estudiante...
[2023-05-24 17:46:34] [ INFO ] [EstudianteDAOH2:129] El resultado de la busqueda es: Blanca Nieves
[2023-05-24 17:46:34] [ INFO ] [EstudianteDAOH2:149] Buscar todos los estudiantes...
[2023-05-24 17:46:34] [ INFO ] [EstudianteDAOH2:177] El resultado de la busqueda es: Maria Nieves
[2023-05-24 17:46:34] [ INFO ] [EstudianteDAOH2:177] El resultado de la busqueda es: Pablo Picapiedras
[2023-05-24 17:46:34] [ INFO ] [EstudianteDAOH2:177] El resultado de la busqueda es: Blanca Nieves
[2023-05-24 17:46:34] [ INFO ] [EstudianteDAOH2:63] Eliminando un estudiante...
[2023-05-24 17:51:40] [ INFO ] [Bd:27] Creacion de la tabla
[2023-05-24 17:51:40] [ INFO ] [EstudianteDAOH2:30] Guardando un estudiante...
[2023-05-24 17:51:40] [ INFO ] [EstudianteDAOH2:45] Guardado.
[2023-05-24 17:51:40] [ INFO ] [EstudianteDAOH2:30] Guardando un estudiante...
[2023-05-24 17:51:40] [ INFO ] [EstudianteDAOH2:45] Guardado.
[2023-05-24 17:51:40] [ INFO ] [EstudianteDAOH2:30] Guardando un estudiante...
[2023-05-24 17:51:40] [ INFO ] [EstudianteDAOH2:45] Guardado.
[2023-05-24 17:51:40] [ INFO ] [EstudianteDAOH2:109] Buscar estudiante...
[2023-05-24 17:51:40] [ INFO ] [EstudianteDAOH2:140] El resultado de la busqueda es: Pablo Picapiedras
[2023-05-24 17:51:40] [ INFO ] [EstudianteDAOH2:109] Buscar estudiante...
[2023-05-24 17:51:40] [ INFO ] [EstudianteDAOH2:140] El resultado de la busqueda es: Blanca Nieves
[2023-05-24 17:51:40] [ INFO ] [EstudianteDAOH2:160] Buscar todos los estudiantes...
[2023-05-24 17:51:40] [ INFO ] [EstudianteDAOH2:188] El resultado de la busqueda es: Maria Nieves
[2023-05-24 17:51:40] [ INFO ] [EstudianteDAOH2:188] El resultado de la busqueda es: Pablo Picapiedras
[2023-05-24 17:51:40] [ INFO ] [EstudianteDAOH2:188] El resultado de la busqueda es: Blanca Nieves
[2023-05-24 17:51:40] [ INFO ] [EstudianteDAOH2:63] Eliminando un estudiante...
[2023-05-24 17:51:40] [ INFO ] [EstudianteDAOH2:78] Eliminado estudiante(id): 3
[2023-05-24 17:54:21] [ INFO ] [Bd:27] Creacion de la tabla
[2023-05-24 17:54:21] [ INFO ] [EstudianteDAOH2:30] Guardando un estudiante...
[2023-05-24 17:54:21] [ INFO ] [EstudianteDAOH2:45] Guardado.
[2023-05-24 17:54:21] [ INFO ] [EstudianteDAOH2:30] Guardando un estudiante...
[2023-05-24 17:54:21] [ INFO ] [EstudianteDAOH2:45] Guardado.
[2023-05-24 17:54:21] [ INFO ] [EstudianteDAOH2:30] Guardando un estudiante...
[2023-05-24 17:54:21] [ INFO ] [EstudianteDAOH2:45] Guardado.
[2023-05-24 17:54:21] [ INFO ] [EstudianteDAOH2:112] Buscar estudiante...
[2023-05-24 17:54:21] [ INFO ] [EstudianteDAOH2:143] El resultado de la busqueda es: Pablo Picapiedras
[2023-05-24 17:54:21] [ INFO ] [EstudianteDAOH2:112] Buscar estudiante...
[2023-05-24 17:54:21] [ INFO ] [EstudianteDAOH2:143] El resultado de la busqueda es: Blanca Nieves
[2023-05-24 17:54:21] [ INFO ] [EstudianteDAOH2:163] Buscar todos los estudiantes...
[2023-05-24 17:54:21] [ INFO ] [EstudianteDAOH2:191] El resultado de la busqueda es: Maria Nieves
[2023-05-24 17:54:21] [ INFO ] [EstudianteDAOH2:191] El resultado de la busqueda es: Pablo Picapiedras
[2023-05-24 17:54:21] [ INFO ] [EstudianteDAOH2:191] El resultado de la busqueda es: Blanca Nieves
[2023-05-24 17:54:21] [ INFO ] [EstudianteDAOH2:63] Eliminando un estudiante...
[2023-05-24 17:54:21] [ INFO ] [EstudianteDAOH2:80] Eliminado estudiante(id): 3
[2023-05-24 17:54:36] [ INFO ] [Bd:27] Creacion de la tabla
[2023-05-24 17:54:36] [ INFO ] [EstudianteDAOH2:30] Guardando un estudiante...
[2023-05-24 17:54:36] [ INFO ] [EstudianteDAOH2:45] Guardado.
[2023-05-24 17:54:36] [ INFO ] [EstudianteDAOH2:30] Guardando un estudiante...
[2023-05-24 17:54:36] [ INFO ] [EstudianteDAOH2:45] Guardado.
[2023-05-24 17:54:36] [ INFO ] [EstudianteDAOH2:30] Guardando un estudiante...
[2023-05-24 17:54:36] [ INFO ] [EstudianteDAOH2:45] Guardado.
[2023-05-24 17:54:36] [ INFO ] [EstudianteDAOH2:113] Buscar estudiante...
[2023-05-24 17:54:36] [ INFO ] [EstudianteDAOH2:144] El resultado de la busqueda es: Pablo Picapiedras
[2023-05-24 17:54:36] [ INFO ] [EstudianteDAOH2:113] Buscar estudiante...
[2023-05-24 17:54:36] [ INFO ] [EstudianteDAOH2:144] El resultado de la busqueda es: Blanca Nieves
[2023-05-24 17:54:36] [ INFO ] [EstudianteDAOH2:164] Buscar todos los estudiantes...
[2023-05-24 17:54:36] [ INFO ] [EstudianteDAOH2:192] El resultado de la busqueda es: Maria Nieves
[2023-05-24 17:54:36] [ INFO ] [EstudianteDAOH2:192] El resultado de la busqueda es: Pablo Picapiedras
[2023-05-24 17:54:36] [ INFO ] [EstudianteDAOH2:192] El resultado de la busqueda es: Blanca Nieves
[2023-05-24 17:54:36] [ INFO ] [EstudianteDAOH2:63] Eliminando un estudiante...
[2023-05-24 17:54:36] [ INFO ] [EstudianteDAOH2:80] Eliminado estudiante(id): 3
[2023-05-24 17:56:09] [ INFO ] [Bd:27] Creacion de la tabla
[2023-05-24 17:56:09] [ INFO ] [EstudianteDAOH2:30] Guardando un estudiante...
[2023-05-24 17:56:09] [ INFO ] [EstudianteDAOH2:45] Guardado.
[2023-05-24 17:56:09] [ INFO ] [EstudianteDAOH2:30] Guardando un estudiante...
[2023-05-24 17:56:09] [ INFO ] [EstudianteDAOH2:45] Guardado.
[2023-05-24 17:56:09] [ INFO ] [EstudianteDAOH2:30] Guardando un estudiante...
[2023-05-24 17:56:09] [ INFO ] [EstudianteDAOH2:45] Guardado.
[2023-05-24 17:56:09] [ INFO ] [EstudianteDAOH2:114] Buscar estudiante...
[2023-05-24 17:56:09] [ INFO ] [EstudianteDAOH2:145] El resultado de la busqueda es: Pablo Picapiedras
[2023-05-24 17:56:09] [ INFO ] [EstudianteDAOH2:114] Buscar estudiante...
[2023-05-24 17:56:09] [ INFO ] [EstudianteDAOH2:145] El resultado de la busqueda es: Blanca Nieves
[2023-05-24 17:56:09] [ INFO ] [EstudianteDAOH2:165] Buscar todos los estudiantes...
[2023-05-24 17:56:09] [ INFO ] [EstudianteDAOH2:193] El resultado de la busqueda es: Maria Nieves
[2023-05-24 17:56:09] [ INFO ] [EstudianteDAOH2:193] El resultado de la busqueda es: Pablo Picapiedras
[2023-05-24 17:56:09] [ INFO ] [EstudianteDAOH2:193] El resultado de la busqueda es: Blanca Nieves
[2023-05-24 17:56:09] [ INFO ] [EstudianteDAOH2:63] Eliminando un estudiante...
[2023-05-24 17:56:09] [ INFO ] [EstudianteDAOH2:80] Eliminado estudiante(id): 3
[2023-05-24 17:56:29] [ INFO ] [Bd:27] Creacion de la tabla
[2023-05-24 17:56:29] [ INFO ] [EstudianteDAOH2:30] Guardando un estudiante...
[2023-05-24 17:56:29] [ INFO ] [EstudianteDAOH2:45] Guardado.
[2023-05-24 17:56:29] [ INFO ] [EstudianteDAOH2:30] Guardando un estudiante...
[2023-05-24 17:56:29] [ INFO ] [EstudianteDAOH2:45] Guardado.
[2023-05-24 17:56:29] [ INFO ] [EstudianteDAOH2:30] Guardando un estudiante...
[2023-05-24 17:56:29] [ INFO ] [EstudianteDAOH2:45] Guardado.
[2023-05-24 17:56:29] [ INFO ] [EstudianteDAOH2:114] Buscar estudiante...
[2023-05-24 17:56:29] [ INFO ] [EstudianteDAOH2:145] El resultado de la busqueda es: Pablo Picapiedras
[2023-05-24 17:56:30] [ INFO ] [EstudianteDAOH2:114] Buscar estudiante...
[2023-05-24 17:56:30] [ INFO ] [EstudianteDAOH2:145] El resultado de la busqueda es: Blanca Nieves
[2023-05-24 17:56:30] [ INFO ] [EstudianteDAOH2:165] Buscar todos los estudiantes...
[2023-05-24 17:56:30] [ INFO ] [EstudianteDAOH2:193] El resultado de la busqueda es: Maria Nieves
[2023-05-24 17:56:30] [ INFO ] [EstudianteDAOH2:193] El resultado de la busqueda es: Pablo Picapiedras
[2023-05-24 17:56:30] [ INFO ] [EstudianteDAOH2:193] El resultado de la busqueda es: Blanca Nieves
[2023-05-24 17:56:30] [ INFO ] [EstudianteDAOH2:63] Eliminando un estudiante...
[2023-05-24 17:56:30] [ INFO ] [EstudianteDAOH2:80] Eliminado estudiante(id): 3
[2023-05-24 17:56:35] [ INFO ] [Bd:27] Creacion de la tabla
[2023-05-24 17:56:35] [ INFO ] [EstudianteDAOH2:30] Guardando un estudiante...
[2023-05-24 17:56:35] [ INFO ] [EstudianteDAOH2:45] Guardado.
[2023-05-24 17:56:35] [ INFO ] [EstudianteDAOH2:30] Guardando un estudiante...
[2023-05-24 17:56:35] [ INFO ] [EstudianteDAOH2:45] Guardado.
[2023-05-24 17:56:35] [ INFO ] [EstudianteDAOH2:30] Guardando un estudiante...
[2023-05-24 17:56:35] [ INFO ] [EstudianteDAOH2:45] Guardado.
[2023-05-24 17:56:35] [ INFO ] [EstudianteDAOH2:114] Buscar estudiante...
[2023-05-24 17:56:35] [ INFO ] [EstudianteDAOH2:145] El resultado de la busqueda es: Pablo Picapiedras
[2023-05-24 17:56:35] [ INFO ] [EstudianteDAOH2:114] Buscar estudiante...
[2023-05-24 17:56:35] [ INFO ] [EstudianteDAOH2:145] El resultado de la busqueda es: Blanca Nieves
[2023-05-24 17:56:35] [ INFO ] [EstudianteDAOH2:165] Buscar todos los estudiantes...
[2023-05-24 17:56:35] [ INFO ] [EstudianteDAOH2:193] El resultado de la busqueda es: Maria Nieves
[2023-05-24 17:56:35] [ INFO ] [EstudianteDAOH2:193] El resultado de la busqueda es: Pablo Picapiedras
[2023-05-24 17:56:35] [ INFO ] [EstudianteDAOH2:193] El resultado de la busqueda es: Blanca Nieves
[2023-05-24 17:56:35] [ INFO ] [EstudianteDAOH2:63] Eliminando un estudiante...
[2023-05-24 17:56:35] [ INFO ] [EstudianteDAOH2:80] Eliminado estudiante(id): 3
[2023-05-24 17:56:47] [ INFO ] [Bd:27] Creacion de la tabla
[2023-05-24 17:56:47] [ INFO ] [EstudianteDAOH2:30] Guardando un estudiante...
[2023-05-24 17:56:47] [ INFO ] [EstudianteDAOH2:45] Guardado.
[2023-05-24 17:56:47] [ INFO ] [EstudianteDAOH2:30] Guardando un estudiante...
[2023-05-24 17:56:47] [ INFO ] [EstudianteDAOH2:45] Guardado.
[2023-05-24 17:56:47] [ INFO ] [EstudianteDAOH2:30] Guardando un estudiante...
[2023-05-24 17:56:47] [ INFO ] [EstudianteDAOH2:45] Guardado.
[2023-05-24 17:56:47] [ INFO ] [EstudianteDAOH2:114] Buscar estudiante...
[2023-05-24 17:56:47] [ INFO ] [EstudianteDAOH2:145] El resultado de la busqueda es: Pablo Picapiedras
[2023-05-24 17:56:47] [ INFO ] [EstudianteDAOH2:114] Buscar estudiante...
[2023-05-24 17:56:47] [ INFO ] [EstudianteDAOH2:145] El resultado de la busqueda es: Blanca Nieves
[2023-05-24 17:56:47] [ INFO ] [EstudianteDAOH2:165] Buscar todos los estudiantes...
[2023-05-24 17:56:47] [ INFO ] [EstudianteDAOH2:193] El resultado de la busqueda es: Maria Nieves
[2023-05-24 17:56:47] [ INFO ] [EstudianteDAOH2:193] El resultado de la busqueda es: Pablo Picapiedras
[2023-05-24 17:56:47] [ INFO ] [EstudianteDAOH2:193] El resultado de la busqueda es: Blanca Nieves
[2023-05-24 17:56:47] [ INFO ] [EstudianteDAOH2:63] Eliminando un estudiante...
[2023-05-24 17:56:47] [ INFO ] [EstudianteDAOH2:80] Eliminado estudiante(id): 3
[2023-05-24 17:58:00] [ INFO ] [Bd:27] Creacion de la tabla
[2023-05-24 17:58:00] [ INFO ] [EstudianteDAOH2:30] Guardando un estudiante...
[2023-05-24 17:58:00] [ INFO ] [EstudianteDAOH2:45] Guardado.
[2023-05-24 17:58:00] [ INFO ] [EstudianteDAOH2:30] Guardando un estudiante...
[2023-05-24 17:58:00] [ INFO ] [EstudianteDAOH2:45] Guardado.
[2023-05-24 17:58:00] [ INFO ] [EstudianteDAOH2:30] Guardando un estudiante...
[2023-05-24 17:58:00] [ INFO ] [EstudianteDAOH2:45] Guardado.
[2023-05-24 17:58:00] [ INFO ] [EstudianteDAOH2:115] Buscar estudiante...
[2023-05-24 17:58:00] [ INFO ] [EstudianteDAOH2:146] El resultado de la busqueda es: Pablo Picapiedras
[2023-05-24 17:58:00] [ INFO ] [EstudianteDAOH2:115] Buscar estudiante...
[2023-05-24 17:58:00] [ INFO ] [EstudianteDAOH2:146] El resultado de la busqueda es: Blanca Nieves
[2023-05-24 17:58:00] [ INFO ] [EstudianteDAOH2:166] Buscar todos los estudiantes...
[2023-05-24 17:58:00] [ INFO ] [EstudianteDAOH2:194] El resultado de la busqueda es: Maria Nieves
[2023-05-24 17:58:00] [ INFO ] [EstudianteDAOH2:194] El resultado de la busqueda es: Pablo Picapiedras
[2023-05-24 17:58:00] [ INFO ] [EstudianteDAOH2:194] El resultado de la busqueda es: Blanca Nieves
[2023-05-24 17:58:00] [ INFO ] [EstudianteDAOH2:63] Eliminando un estudiante...
[2023-05-24 17:58:00] [ INFO ] [EstudianteDAOH2:80] Eliminado estudiante(id): 3
[2023-05-24 17:59:26] [ INFO ] [Bd:27] Creacion de la tabla
[2023-05-24 17:59:26] [ INFO ] [EstudianteDAOH2:30] Guardando un estudiante...
[2023-05-24 17:59:26] [ INFO ] [EstudianteDAOH2:45] Guardado.
[2023-05-24 17:59:26] [ INFO ] [EstudianteDAOH2:30] Guardando un estudiante...
[2023-05-24 17:59:26] [ INFO ] [EstudianteDAOH2:45] Guardado.
[2023-05-24 17:59:26] [ INFO ] [EstudianteDAOH2:30] Guardando un estudiante...
[2023-05-24 17:59:26] [ INFO ] [EstudianteDAOH2:45] Guardado.
[2023-05-24 17:59:26] [ INFO ] [EstudianteDAOH2:108] Buscar estudiante...
[2023-05-24 17:59:26] [ INFO ] [EstudianteDAOH2:139] El resultado de la busqueda es: Pablo Picapiedras
[2023-05-24 17:59:26] [ INFO ] [EstudianteDAOH2:108] Buscar estudiante...
[2023-05-24 17:59:26] [ INFO ] [EstudianteDAOH2:139] El resultado de la busqueda es: Blanca Nieves
[2023-05-24 17:59:26] [ INFO ] [EstudianteDAOH2:159] Buscar todos los estudiantes...
[2023-05-24 17:59:26] [ INFO ] [EstudianteDAOH2:187] El resultado de la busqueda es: Maria Nieves
[2023-05-24 17:59:26] [ INFO ] [EstudianteDAOH2:187] El resultado de la busqueda es: Pablo Picapiedras
[2023-05-24 17:59:26] [ INFO ] [EstudianteDAOH2:187] El resultado de la busqueda es: Blanca Nieves
[2023-05-24 17:59:26] [ INFO ] [EstudianteDAOH2:63] Eliminando un estudiante...
[2023-05-24 17:59:26] [ INFO ] [EstudianteDAOH2:80] Eliminado estudiante(id): 3
[2023-05-24 17:59:35] [ INFO ] [Bd:27] Creacion de la tabla
[2023-05-24 17:59:35] [ INFO ] [EstudianteDAOH2:30] Guardando un estudiante...
[2023-05-24 17:59:35] [ INFO ] [EstudianteDAOH2:45] Guardado.
[2023-05-24 17:59:35] [ INFO ] [EstudianteDAOH2:30] Guardando un estudiante...
[2023-05-24 17:59:35] [ INFO ] [EstudianteDAOH2:45] Guardado.
[2023-05-24 17:59:35] [ INFO ] [EstudianteDAOH2:30] Guardando un estudiante...
[2023-05-24 17:59:35] [ INFO ] [EstudianteDAOH2:45] Guardado.
[2023-05-24 17:59:35] [ INFO ] [EstudianteDAOH2:106] Buscar estudiante...
[2023-05-24 17:59:36] [ INFO ] [EstudianteDAOH2:137] El resultado de la busqueda es: Pablo Picapiedras
[2023-05-24 17:59:36] [ INFO ] [EstudianteDAOH2:106] Buscar estudiante...
[2023-05-24 17:59:36] [ INFO ] [EstudianteDAOH2:137] El resultado de la busqueda es: Blanca Nieves
[2023-05-24 17:59:36] [ INFO ] [EstudianteDAOH2:157] Buscar todos los estudiantes...
[2023-05-24 17:59:36] [ INFO ] [EstudianteDAOH2:185] El resultado de la busqueda es: Maria Nieves
[2023-05-24 17:59:36] [ INFO ] [EstudianteDAOH2:185] El resultado de la busqueda es: Pablo Picapiedras
[2023-05-24 17:59:36] [ INFO ] [EstudianteDAOH2:185] El resultado de la busqueda es: Blanca Nieves
[2023-05-24 17:59:36] [ INFO ] [EstudianteDAOH2:63] Eliminando un estudiante...
[2023-05-24 17:59:36] [ INFO ] [EstudianteDAOH2:80] Eliminado estudiante(id): 3
[2023-05-24 18:00:23] [ INFO ] [Bd:27] Creacion de la tabla
[2023-05-24 18:00:23] [ INFO ] [EstudianteDAOH2:30] Guardando un estudiante...
[2023-05-24 18:00:23] [ INFO ] [EstudianteDAOH2:45] Guardado.
[2023-05-24 18:00:23] [ INFO ] [EstudianteDAOH2:30] Guardando un estudiante...
[2023-05-24 18:00:23] [ INFO ] [EstudianteDAOH2:45] Guardado.
[2023-05-24 18:00:23] [ INFO ] [EstudianteDAOH2:30] Guardando un estudiante...
[2023-05-24 18:00:23] [ INFO ] [EstudianteDAOH2:45] Guardado.
[2023-05-24 18:00:23] [ INFO ] [EstudianteDAOH2:108] Buscar estudiante...
[2023-05-24 18:00:23] [ INFO ] [EstudianteDAOH2:139] El resultado de la busqueda es: Pablo Picapiedras
[2023-05-24 18:00:23] [ INFO ] [EstudianteDAOH2:108] Buscar estudiante...
[2023-05-24 18:00:23] [ INFO ] [EstudianteDAOH2:139] El resultado de la busqueda es: Blanca Nieves
[2023-05-24 18:00:23] [ INFO ] [EstudianteDAOH2:159] Buscar todos los estudiantes...
[2023-05-24 18:00:23] [ INFO ] [EstudianteDAOH2:187] El resultado de la busqueda es: Maria Nieves
[2023-05-24 18:00:23] [ INFO ] [EstudianteDAOH2:187] El resultado de la busqueda es: Pablo Picapiedras
[2023-05-24 18:00:23] [ INFO ] [EstudianteDAOH2:187] El resultado de la busqueda es: Blanca Nieves
[2023-05-24 18:00:23] [ INFO ] [EstudianteDAOH2:63] Eliminando un estudiante...
[2023-05-24 18:00:23] [ INFO ] [EstudianteDAOH2:80] Eliminado estudiante(id): 3
[2023-05-24 18:00:32] [ INFO ] [Bd:27] Creacion de la tabla
[2023-05-24 18:00:32] [ INFO ] [EstudianteDAOH2:30] Guardando un estudiante...
[2023-05-24 18:00:32] [ INFO ] [EstudianteDAOH2:45] Guardado.
[2023-05-24 18:00:32] [ INFO ] [EstudianteDAOH2:30] Guardando un estudiante...
[2023-05-24 18:00:32] [ INFO ] [EstudianteDAOH2:45] Guardado.
[2023-05-24 18:00:32] [ INFO ] [EstudianteDAOH2:30] Guardando un estudiante...
[2023-05-24 18:00:32] [ INFO ] [EstudianteDAOH2:45] Guardado.
[2023-05-24 18:00:32] [ INFO ] [EstudianteDAOH2:103] Buscar estudiante...
[2023-05-24 18:00:32] [ INFO ] [EstudianteDAOH2:134] El resultado de la busqueda es: Pablo Picapiedras
[2023-05-24 18:00:32] [ INFO ] [EstudianteDAOH2:103] Buscar estudiante...
[2023-05-24 18:00:32] [ INFO ] [EstudianteDAOH2:134] El resultado de la busqueda es: Blanca Nieves
[2023-05-24 18:00:32] [ INFO ] [EstudianteDAOH2:154] Buscar todos los estudiantes...
[2023-05-24 18:00:32] [ INFO ] [EstudianteDAOH2:182] El resultado de la busqueda es: Maria Nieves
[2023-05-24 18:00:32] [ INFO ] [EstudianteDAOH2:182] El resultado de la busqueda es: Pablo Picapiedras
[2023-05-24 18:00:32] [ INFO ] [EstudianteDAOH2:182] El resultado de la busqueda es: Blanca Nieves
[2023-05-24 18:00:32] [ INFO ] [EstudianteDAOH2:63] Eliminando un estudiante...
[2023-05-24 18:00:32] [ INFO ] [EstudianteDAOH2:80] Eliminado estudiante(id): 3
